<?xml version="1.0" encoding="UTF-8"?>
<!-- Generated by org.testng.reporters.JUnitReportReporter -->
<testsuite hostname="DESKTOP-GFGE941" failures="0" tests="9" name="testsuite.Events" time="103.570" errors="0" timestamp="2024-03-20T16:06:36 JST" skipped="0">
  <testcase classname="testsuite.Events" name="AddEventSuccessfully" time="9.702"/>
  <testcase classname="testsuite.Events" name="deleteEventSuccessfully" time="39.334"/>
  <testcase classname="testsuite.Events" name="displayByPreviousMonth" time="7.420"/>
  <testcase classname="testsuite.Events" name="displayByCurrentWeek" time="8.471"/>
  <testcase classname="testsuite.Events" name="displayByCurrentDay" time="8.251"/>
  <testcase classname="testsuite.Events" name="displayByNextWeek" time="7.553"/>
  <testcase classname="testsuite.Events" name="displayByNextMonth" time="7.279"/>
  <testcase classname="testsuite.Events" name="displayByPreviousWeek" time="8.109"/>
  <testcase classname="testsuite.Events" name="displayByCurrentMonth" time="7.451"/>
</testsuite> <!-- testsuite.Events -->
