<?xml version="1.0" encoding="UTF-8"?>
<!-- Generated by org.testng.reporters.JUnitReportReporter -->
<testsuite hostname="DESKTOP-GFGE941" failures="0" tests="2" name="testsuite.LoginTest_DataProvider" time="12.311" errors="0" timestamp="2024-04-02T23:37:29 JST" skipped="0">
  <testcase classname="testsuite.LoginTest_DataProvider" name="loginSuccessFully" time="6.598"/>
  <testcase classname="testsuite.LoginTest_DataProvider" name="loginSuccessFully" time="5.713"/>
</testsuite> <!-- testsuite.LoginTest_DataProvider -->
