<?xml version="1.0" encoding="UTF-8"?>
<!-- Generated by org.testng.reporters.JUnitReportReporter -->
<testsuite hostname="DESKTOP-GFGE941" failures="0" tests="1" name="testsuite.taskPage" time="46.913" errors="0" timestamp="2024-04-13T22:31:43 JST" skipped="0">
  <testcase classname="testsuite.taskPage" name="testDate" time="46.913"/>
</testsuite> <!-- testsuite.taskPage -->
