<?xml version="1.0" encoding="UTF-8"?>
<!-- Generated by org.testng.reporters.JUnitReportReporter -->
<testsuite hostname="DESKTOP-GFGE941" failures="0" tests="2" name="testsuite.screen" time="186.420" errors="0" timestamp="2024-04-02T23:41:24 JST" skipped="0">
  <testcase classname="testsuite.screen" name="hideClientPriceStartdate" time="134.232"/>
  <testcase classname="testsuite.screen" name="hideClient" time="52.188"/>
</testsuite> <!-- testsuite.screen -->
