<?xml version="1.0" encoding="UTF-8"?>
<!-- Generated by org.testng.reporters.JUnitReportReporter -->
<testsuite hostname="DESKTOP-GFGE941" failures="0" tests="1" name="testsuite.UploadFile_guru99" time="7.270" errors="0" timestamp="2024-04-06T18:04:00 JST" skipped="0">
  <testcase classname="testsuite.UploadFile_guru99" name="testUploadFile" time="7.270"/>
</testsuite> <!-- testsuite.UploadFile_guru99 -->
